<?xml version="1.0" encoding="UTF-8"?>
<!-- Generated by org.testng.reporters.JUnitXMLReporter -->
<testsuite hostname="LAPTOP-AOT80K1O" failures="0" tests="3" name="Command line test e4c4ee1f-e803-4230-90a5-a12fc8ddff10" time="58.576" errors="0" timestamp="7 Feb 2021 14:48:48 GMT">
  <testcase classname="org.testing.TestScripts.TC2" name="@AfterMethod closeBrowser" time="0.0">
    <failure type="java.lang.NullPointerException" message="Cannot invoke &amp;quot;com.aventstack.extentreports.ExtentTest.pass(com.aventstack.extentreports.markuputils.Markup)&amp;quot; because &amp;quot;this.extentTest&amp;quot; is null">
      <![CDATA[java.lang.NullPointerException: Cannot invoke "com.aventstack.extentreports.ExtentTest.pass(com.aventstack.extentreports.markuputils.Markup)" because "this.extentTest" is null
	at org.testing.Base.Base.closeBrowser(Base.java:72)
	at org.testing.Trigger.Runner.main(Runner.java:47)
... Removed 23 stack frames]]>
    </failure>
  </testcase> <!-- @AfterMethod closeBrowser -->
  <testcase classname="org.testing.TestScripts.TC3" name="@BeforeMethod Launch" time="0.0">
    <skipped/>
  </testcase> <!-- @BeforeMethod Launch -->
  <testcase classname="org.testing.TestScripts.TC3" name="@AfterMethod closeBrowser" time="0.0">
    <skipped/>
  </testcase> <!-- @AfterMethod closeBrowser -->
  <testcase classname="org.testing.TestScripts.TC1" name="Login" time="20.47"/>
  <testcase classname="org.testing.TestScripts.TC2" name="History" time="0.001"/>
  <testcase classname="org.testing.TestScripts.TC3" name="Subscription" time="0.0">
    <skipped/>
  </testcase> <!-- Subscription -->
</testsuite> <!-- Command line test e4c4ee1f-e803-4230-90a5-a12fc8ddff10 -->
